<?xml version="1.0" encoding="UTF-8"?>
<testng-results skipped="0" failed="1" ignored="0" total="15" passed="14">
  <reporter-output>
  </reporter-output>
  <suite name="Suite1" duration-ms="2890" started-at="2018-03-14T07:37:31Z" finished-at="2018-03-14T07:37:33Z">
    <groups>
    </groups>
    <test name="t1" duration-ms="2890" started-at="2018-03-14T07:37:31Z" finished-at="2018-03-14T07:37:33Z">
      <class name="com.edu.address.CheckAddress">
        <test-method status="PASS" signature="checkAddressTest()[pri:0, instance:com.edu.address.CheckAddress@5ffead27]" name="checkAddressTest" duration-ms="261" started-at="2018-03-14T07:37:32Z" finished-at="2018-03-14T07:37:33Z">
          <reporter-output>
          </reporter-output>
        </test-method> <!-- checkAddressTest -->
      </class> <!-- com.edu.address.CheckAddress -->
      <class name="com.edu.address.AddAddress">
        <test-method status="PASS" signature="addAddressSuccess()[pri:0, instance:com.edu.address.AddAddress@6356695f]" name="addAddressSuccess" duration-ms="244" started-at="2018-03-14T07:37:33Z" finished-at="2018-03-14T07:37:33Z">
          <reporter-output>
          </reporter-output>
        </test-method> <!-- addAddressSuccess -->
        <test-method status="PASS" signature="receiverNameTest()[pri:0, instance:com.edu.address.AddAddress@6356695f]" name="receiverNameTest" duration-ms="202" started-at="2018-03-14T07:37:33Z" finished-at="2018-03-14T07:37:33Z">
          <reporter-output>
          </reporter-output>
        </test-method> <!-- receiverNameTest -->
      </class> <!-- com.edu.address.AddAddress -->
      <class name="com.edu.ordersSubmit.OrdersSubmitTest">
        <test-method status="PASS" signature="submitTest()[pri:0, instance:com.edu.ordersSubmit.OrdersSubmitTest@359f7cdf]" name="submitTest" duration-ms="221" started-at="2018-03-14T07:37:33Z" finished-at="2018-03-14T07:37:33Z">
          <reporter-output>
          </reporter-output>
        </test-method> <!-- submitTest -->
      </class> <!-- com.edu.ordersSubmit.OrdersSubmitTest -->
      <class name="com.edu.login.loginTest">
        <test-method status="FAIL" signature="loginFail1()[pri:0, instance:com.edu.login.loginTest@44ebcd03]" name="loginFail1" duration-ms="716" started-at="2018-03-14T07:37:31Z" finished-at="2018-03-14T07:37:31Z">
          <exception class="java.lang.Exception">
            <message>
              <![CDATA[expectedValue doesn't match actualValue,actual Value is :200; expected Value is :400]]>
            </message>
            <full-stacktrace>
              <![CDATA[java.lang.Exception: expectedValue doesn't match actualValue,actual Value is :200; expected Value is :400
at com.apitest.check.util.Checker.verify(Checker.java:60)
at com.apitest.check.util.Checker.verifyXpath(Checker.java:44)
at com.edu.login.loginTest.loginFail1(loginTest.java:33)
at sun.reflect.NativeMethodAccessorImpl.invoke0(Native Method)
at sun.reflect.NativeMethodAccessorImpl.invoke(Unknown Source)
at sun.reflect.DelegatingMethodAccessorImpl.invoke(Unknown Source)
at java.lang.reflect.Method.invoke(Unknown Source)
at org.testng.internal.MethodInvocationHelper.invokeMethod(MethodInvocationHelper.java:124)
at org.testng.internal.Invoker.invokeMethod(Invoker.java:580)
at org.testng.internal.Invoker.invokeTestMethod(Invoker.java:716)
at org.testng.internal.Invoker.invokeTestMethods(Invoker.java:988)
at org.testng.internal.TestMethodWorker.invokeTestMethods(TestMethodWorker.java:125)
at org.testng.internal.TestMethodWorker.run(TestMethodWorker.java:109)
at org.testng.TestRunner.privateRun(TestRunner.java:648)
at org.testng.TestRunner.run(TestRunner.java:505)
at org.testng.SuiteRunner.runTest(SuiteRunner.java:455)
at org.testng.SuiteRunner.runSequentially(SuiteRunner.java:450)
at org.testng.SuiteRunner.privateRun(SuiteRunner.java:415)
at org.testng.SuiteRunner.run(SuiteRunner.java:364)
at org.testng.SuiteRunnerWorker.runSuite(SuiteRunnerWorker.java:52)
at org.testng.SuiteRunnerWorker.run(SuiteRunnerWorker.java:84)
at org.testng.TestNG.runSuitesSequentially(TestNG.java:1208)
at org.testng.TestNG.runSuitesLocally(TestNG.java:1137)
at org.testng.TestNG.runSuites(TestNG.java:1049)
at org.testng.TestNG.run(TestNG.java:1017)
at org.testng.remote.AbstractRemoteTestNG.run(AbstractRemoteTestNG.java:114)
at org.testng.remote.RemoteTestNG.initAndRun(RemoteTestNG.java:251)
at org.testng.remote.RemoteTestNG.main(RemoteTestNG.java:77)
]]>
            </full-stacktrace>
          </exception> <!-- java.lang.Exception -->
          <reporter-output>
          </reporter-output>
        </test-method> <!-- loginFail1 -->
        <test-method status="PASS" signature="loginFail2()[pri:0, instance:com.edu.login.loginTest@44ebcd03]" name="loginFail2" duration-ms="109" started-at="2018-03-14T07:37:31Z" finished-at="2018-03-14T07:37:31Z">
          <reporter-output>
          </reporter-output>
        </test-method> <!-- loginFail2 -->
        <test-method status="PASS" signature="loginFail3()[pri:0, instance:com.edu.login.loginTest@44ebcd03]" name="loginFail3" duration-ms="116" started-at="2018-03-14T07:37:31Z" finished-at="2018-03-14T07:37:32Z">
          <reporter-output>
          </reporter-output>
        </test-method> <!-- loginFail3 -->
        <test-method status="PASS" signature="loginFail4()[pri:0, instance:com.edu.login.loginTest@44ebcd03]" name="loginFail4" duration-ms="102" started-at="2018-03-14T07:37:32Z" finished-at="2018-03-14T07:37:32Z">
          <reporter-output>
          </reporter-output>
        </test-method> <!-- loginFail4 -->
        <test-method status="PASS" signature="loginSuccess()[pri:0, instance:com.edu.login.loginTest@44ebcd03]" name="loginSuccess" duration-ms="110" started-at="2018-03-14T07:37:32Z" finished-at="2018-03-14T07:37:32Z">
          <reporter-output>
          </reporter-output>
        </test-method> <!-- loginSuccess -->
      </class> <!-- com.edu.login.loginTest -->
      <class name="com.edu.getTransportFee.GetTransportFee">
        <test-method status="PASS" signature="getFeeTest()[pri:0, instance:com.edu.getTransportFee.GetTransportFee@4f18837a]" name="getFeeTest" duration-ms="178" started-at="2018-03-14T07:37:33Z" finished-at="2018-03-14T07:37:33Z">
          <reporter-output>
          </reporter-output>
        </test-method> <!-- getFeeTest -->
      </class> <!-- com.edu.getTransportFee.GetTransportFee -->
      <class name="com.edu.skuList.skuListTest">
        <test-method status="PASS" signature="skuListAll()[pri:0, instance:com.edu.skuList.skuListTest@4567f35d]" name="skuListAll" duration-ms="133" started-at="2018-03-14T07:37:32Z" finished-at="2018-03-14T07:37:32Z">
          <reporter-output>
          </reporter-output>
        </test-method> <!-- skuListAll -->
        <test-method status="PASS" signature="skuListById1()[pri:0, instance:com.edu.skuList.skuListTest@4567f35d]" name="skuListById1" duration-ms="117" started-at="2018-03-14T07:37:32Z" finished-at="2018-03-14T07:37:32Z">
          <reporter-output>
          </reporter-output>
        </test-method> <!-- skuListById1 -->
        <test-method status="PASS" signature="skuListById2()[pri:0, instance:com.edu.skuList.skuListTest@4567f35d]" name="skuListById2" duration-ms="89" started-at="2018-03-14T07:37:32Z" finished-at="2018-03-14T07:37:32Z">
          <reporter-output>
          </reporter-output>
        </test-method> <!-- skuListById2 -->
        <test-method status="PASS" signature="skuListById3()[pri:0, instance:com.edu.skuList.skuListTest@4567f35d]" name="skuListById3" duration-ms="100" started-at="2018-03-14T07:37:32Z" finished-at="2018-03-14T07:37:32Z">
          <reporter-output>
          </reporter-output>
        </test-method> <!-- skuListById3 -->
        <test-method status="PASS" signature="skuListById4()[pri:0, instance:com.edu.skuList.skuListTest@4567f35d]" name="skuListById4" duration-ms="99" started-at="2018-03-14T07:37:32Z" finished-at="2018-03-14T07:37:32Z">
          <reporter-output>
          </reporter-output>
        </test-method> <!-- skuListById4 -->
      </class> <!-- com.edu.skuList.skuListTest -->
    </test> <!-- t1 -->
  </suite> <!-- Suite1 -->
</testng-results>
