<?xml version="1.0" encoding="UTF-8"?>
<!-- Generated by org.testng.reporters.JUnitXMLReporter -->
<testsuite hostname="LAPTOP-28J8ISPE" ignored="0" name="t1" tests="15" failures="1" timestamp="14 三月 2018 07:37:33 GMT" time="2.89" errors="0">
  <testcase name="loginFail1" time="0.716" classname="com.edu.login.loginTest">
    <failure type="java.lang.Exception" message="expectedValue doesn&amp;apos;t match actualValue,actual Value is :200; expected Value is :400">
      <![CDATA[java.lang.Exception: expectedValue doesn't match actualValue,actual Value is :200; expected Value is :400
at com.apitest.check.util.Checker.verify(Checker.java:60)
at com.apitest.check.util.Checker.verifyXpath(Checker.java:44)
at com.edu.login.loginTest.loginFail1(loginTest.java:33)
... Removed 25 stack frames]]>
    </failure>
  </testcase> <!-- loginFail1 -->
  <testcase name="loginFail2" time="0.109" classname="com.edu.login.loginTest"/>
  <testcase name="loginFail3" time="0.116" classname="com.edu.login.loginTest"/>
  <testcase name="loginFail4" time="0.102" classname="com.edu.login.loginTest"/>
  <testcase name="loginSuccess" time="0.11" classname="com.edu.login.loginTest"/>
  <testcase name="skuListAll" time="0.133" classname="com.edu.skuList.skuListTest"/>
  <testcase name="skuListById1" time="0.117" classname="com.edu.skuList.skuListTest"/>
  <testcase name="skuListById2" time="0.089" classname="com.edu.skuList.skuListTest"/>
  <testcase name="skuListById3" time="0.1" classname="com.edu.skuList.skuListTest"/>
  <testcase name="skuListById4" time="0.099" classname="com.edu.skuList.skuListTest"/>
  <testcase name="checkAddressTest" time="0.261" classname="com.edu.address.CheckAddress"/>
  <testcase name="addAddressSuccess" time="0.244" classname="com.edu.address.AddAddress"/>
  <testcase name="receiverNameTest" time="0.202" classname="com.edu.address.AddAddress"/>
  <testcase name="getFeeTest" time="0.178" classname="com.edu.getTransportFee.GetTransportFee"/>
  <testcase name="submitTest" time="0.221" classname="com.edu.ordersSubmit.OrdersSubmitTest"/>
</testsuite> <!-- t1 -->
